<?xml version="1.0" encoding="UTF-8"?>
<!-- Generated by org.testng.reporters.JUnitXMLReporter -->
<testsuite ignored="0" hostname="Greeshmas-MacBook-Pro.local" failures="0" tests="2" name="Surefire test" time="7.818" errors="0" timestamp="2026-02-17T23:26:42 EST">
  <testcase classname="com.selenium.practicesession.LoginTest" name="validLoginTest" time="0.932"/>
  <testcase classname="com.selenium.practicesession.SecureAreaTest" name="secureAreaTest" time="1.073"/>
</testsuite> <!-- Surefire test -->
