<?xml version="1.0" encoding="UTF-8"?>
<!-- Generated by org.testng.reporters.JUnitXMLReporter -->
<testsuite ignored="0" hostname="Greeshmas-MacBook-Pro.local" failures="0" tests="4" name="Surefire test" time="10.696" errors="0" timestamp="2026-02-20T22:42:47 EST">
  <testcase classname="com.selenium.practicesession.LoginTest" name="validLoginTest" time="0.811"/>
  <testcase classname="com.selenium.practicesession.LoginTest" name="validLoginTest" time="0.723"/>
  <testcase classname="com.selenium.practicesession.LoginTest" name="validLoginTest" time="0.745"/>
  <testcase classname="com.selenium.practicesession.SecureAreaTest" name="secureAreaTest" time="0.862"/>
</testsuite> <!-- Surefire test -->
