<?xml version="1.0" encoding="UTF-8"?>
<testng-results ignored="0" total="4" passed="4" failed="0" skipped="0">
  <reporter-output>
  </reporter-output>
  <suite started-at="2026-02-22T00:06:38 EST" name="Surefire suite" finished-at="2026-02-22T00:06:49 EST" duration-ms="10389">
    <groups>
    </groups>
    <test started-at="2026-02-22T00:06:38 EST" name="Surefire test" finished-at="2026-02-22T00:06:49 EST" duration-ms="10389">
      <class name="com.selenium.practicesession.SecureAreaTest">
        <test-method is-config="true" signature="setup()[pri:0, instance:com.selenium.practicesession.SecureAreaTest@6ab7a896]" started-at="2026-02-22T00:06:46 EST" name="setup" finished-at="2026-02-22T00:06:48 EST" duration-ms="1508" status="PASS">
          <reporter-output>
          </reporter-output>
        </test-method> <!-- setup -->
        <test-method is-config="true" signature="initPages()[pri:0, instance:com.selenium.practicesession.SecureAreaTest@6ab7a896]" started-at="2026-02-22T00:06:48 EST" name="initPages" finished-at="2026-02-22T00:06:48 EST" duration-ms="1" status="PASS">
          <reporter-output>
          </reporter-output>
        </test-method> <!-- initPages -->
        <test-method signature="secureAreaTest()[pri:0, instance:com.selenium.practicesession.SecureAreaTest@6ab7a896]" started-at="2026-02-22T00:06:48 EST" name="secureAreaTest" finished-at="2026-02-22T00:06:49 EST" duration-ms="839" status="PASS">
          <reporter-output>
          </reporter-output>
        </test-method> <!-- secureAreaTest -->
        <test-method is-config="true" signature="closeAll()[pri:0, instance:com.selenium.practicesession.SecureAreaTest@6ab7a896]" started-at="2026-02-22T00:06:49 EST" name="closeAll" finished-at="2026-02-22T00:06:49 EST" duration-ms="99" status="PASS">
          <reporter-output>
          </reporter-output>
        </test-method> <!-- closeAll -->
        <test-method is-config="true" signature="tearDown(org.testng.ITestResult)[pri:0, instance:com.selenium.practicesession.SecureAreaTest@6ab7a896]" started-at="2026-02-22T00:06:49 EST" name="tearDown" finished-at="2026-02-22T00:06:49 EST" duration-ms="0" status="PASS">
          <params>
            <param index="0">
              <value>
                <![CDATA[[TestResult name=secureAreaTest status=SUCCESS method=SecureAreaTest.secureAreaTest()[pri:0, instance:com.selenium.practicesession.SecureAreaTest@6ab7a896] output={null}]]]>
              </value>
            </param>
          </params>
          <reporter-output>
          </reporter-output>
        </test-method> <!-- tearDown -->
      </class> <!-- com.selenium.practicesession.SecureAreaTest -->
      <class name="com.selenium.practicesession.LoginTest">
        <test-method is-config="true" signature="setupReport()[pri:0, instance:com.selenium.practicesession.LoginTest@5906ebcb]" started-at="2026-02-22T00:06:38 EST" name="setupReport" finished-at="2026-02-22T00:06:38 EST" duration-ms="128" status="PASS">
          <reporter-output>
          </reporter-output>
        </test-method> <!-- setupReport -->
        <test-method is-config="true" signature="setup()[pri:0, instance:com.selenium.practicesession.LoginTest@5906ebcb]" started-at="2026-02-22T00:06:38 EST" name="setup" finished-at="2026-02-22T00:06:41 EST" duration-ms="2580" status="PASS">
          <reporter-output>
          </reporter-output>
        </test-method> <!-- setup -->
        <test-method is-config="true" signature="initPages()[pri:0, instance:com.selenium.practicesession.LoginTest@5906ebcb]" started-at="2026-02-22T00:06:41 EST" name="initPages" finished-at="2026-02-22T00:06:41 EST" duration-ms="1" status="PASS">
          <reporter-output>
          </reporter-output>
        </test-method> <!-- initPages -->
        <test-method signature="validLoginTest(java.lang.String,java.lang.String,boolean)[pri:0, instance:com.selenium.practicesession.LoginTest@5906ebcb]" started-at="2026-02-22T00:06:41 EST" name="validLoginTest" data-provider="loginData" finished-at="2026-02-22T00:06:42 EST" duration-ms="824" status="PASS">
          <params>
            <param index="0">
              <value>
                <![CDATA[tomsmith]]>
              </value>
            </param>
            <param index="1">
              <value>
                <![CDATA[SuperSecretPassword!]]>
              </value>
            </param>
            <param index="2">
              <value>
                <![CDATA[true]]>
              </value>
            </param>
          </params>
          <reporter-output>
          </reporter-output>
        </test-method> <!-- validLoginTest -->
        <test-method is-config="true" signature="tearDown()[pri:0, instance:com.selenium.practicesession.LoginTest@5906ebcb]" started-at="2026-02-22T00:06:42 EST" name="tearDown" finished-at="2026-02-22T00:06:42 EST" duration-ms="153" status="PASS">
          <reporter-output>
          </reporter-output>
        </test-method> <!-- tearDown -->
        <test-method is-config="true" signature="tearDown(org.testng.ITestResult)[pri:0, instance:com.selenium.practicesession.LoginTest@5906ebcb]" started-at="2026-02-22T00:06:42 EST" name="tearDown" finished-at="2026-02-22T00:06:42 EST" duration-ms="13" status="PASS">
          <params>
            <param index="0">
              <value>
                <![CDATA[[TestResult name=validLoginTest status=SUCCESS method=LoginTest.validLoginTest(java.lang.String,java.lang.String,boolean)[pri:0, instance:com.selenium.practicesession.LoginTest@5906ebcb] output={null}]]]>
              </value>
            </param>
          </params>
          <reporter-output>
          </reporter-output>
        </test-method> <!-- tearDown -->
        <test-method is-config="true" signature="setup()[pri:0, instance:com.selenium.practicesession.LoginTest@5906ebcb]" started-at="2026-02-22T00:06:42 EST" name="setup" finished-at="2026-02-22T00:06:43 EST" duration-ms="1141" status="PASS">
          <reporter-output>
          </reporter-output>
        </test-method> <!-- setup -->
        <test-method signature="validLoginTest(java.lang.String,java.lang.String,boolean)[pri:0, instance:com.selenium.practicesession.LoginTest@5906ebcb]" started-at="2026-02-22T00:06:43 EST" name="validLoginTest" data-provider="loginData" finished-at="2026-02-22T00:06:44 EST" duration-ms="698" status="PASS">
          <params>
            <param index="0">
              <value>
                <![CDATA[wronguser]]>
              </value>
            </param>
            <param index="1">
              <value>
                <![CDATA[wrongpassword]]>
              </value>
            </param>
            <param index="2">
              <value>
                <![CDATA[false]]>
              </value>
            </param>
          </params>
          <reporter-output>
          </reporter-output>
        </test-method> <!-- validLoginTest -->
        <test-method is-config="true" signature="initPages()[pri:0, instance:com.selenium.practicesession.LoginTest@5906ebcb]" started-at="2026-02-22T00:06:43 EST" name="initPages" finished-at="2026-02-22T00:06:43 EST" duration-ms="0" status="PASS">
          <reporter-output>
          </reporter-output>
        </test-method> <!-- initPages -->
        <test-method is-config="true" signature="tearDown()[pri:0, instance:com.selenium.practicesession.LoginTest@5906ebcb]" started-at="2026-02-22T00:06:44 EST" name="tearDown" finished-at="2026-02-22T00:06:44 EST" duration-ms="95" status="PASS">
          <reporter-output>
          </reporter-output>
        </test-method> <!-- tearDown -->
        <test-method is-config="true" signature="setup()[pri:0, instance:com.selenium.practicesession.LoginTest@5906ebcb]" started-at="2026-02-22T00:06:44 EST" name="setup" finished-at="2026-02-22T00:06:45 EST" duration-ms="1538" status="PASS">
          <reporter-output>
          </reporter-output>
        </test-method> <!-- setup -->
        <test-method is-config="true" signature="tearDown(org.testng.ITestResult)[pri:0, instance:com.selenium.practicesession.LoginTest@5906ebcb]" started-at="2026-02-22T00:06:44 EST" name="tearDown" finished-at="2026-02-22T00:06:44 EST" duration-ms="0" status="PASS">
          <params>
            <param index="0">
              <value>
                <![CDATA[[TestResult name=validLoginTest status=SUCCESS method=LoginTest.validLoginTest(java.lang.String,java.lang.String,boolean)[pri:0, instance:com.selenium.practicesession.LoginTest@5906ebcb] output={null}]]]>
              </value>
            </param>
          </params>
          <reporter-output>
          </reporter-output>
        </test-method> <!-- tearDown -->
        <test-method signature="validLoginTest(java.lang.String,java.lang.String,boolean)[pri:0, instance:com.selenium.practicesession.LoginTest@5906ebcb]" started-at="2026-02-22T00:06:45 EST" name="validLoginTest" data-provider="loginData" finished-at="2026-02-22T00:06:46 EST" duration-ms="780" status="PASS">
          <params>
            <param index="0">
              <value>
                <![CDATA[tomsmith]]>
              </value>
            </param>
            <param index="1">
              <value>
                <![CDATA[wrongpassword]]>
              </value>
            </param>
            <param index="2">
              <value>
                <![CDATA[false]]>
              </value>
            </param>
          </params>
          <reporter-output>
          </reporter-output>
        </test-method> <!-- validLoginTest -->
        <test-method is-config="true" signature="initPages()[pri:0, instance:com.selenium.practicesession.LoginTest@5906ebcb]" started-at="2026-02-22T00:06:45 EST" name="initPages" finished-at="2026-02-22T00:06:45 EST" duration-ms="0" status="PASS">
          <reporter-output>
          </reporter-output>
        </test-method> <!-- initPages -->
        <test-method is-config="true" signature="tearDown()[pri:0, instance:com.selenium.practicesession.LoginTest@5906ebcb]" started-at="2026-02-22T00:06:46 EST" name="tearDown" finished-at="2026-02-22T00:06:46 EST" duration-ms="96" status="PASS">
          <reporter-output>
          </reporter-output>
        </test-method> <!-- tearDown -->
        <test-method is-config="true" signature="tearDown(org.testng.ITestResult)[pri:0, instance:com.selenium.practicesession.LoginTest@5906ebcb]" started-at="2026-02-22T00:06:46 EST" name="tearDown" finished-at="2026-02-22T00:06:46 EST" duration-ms="0" status="PASS">
          <params>
            <param index="0">
              <value>
                <![CDATA[[TestResult name=validLoginTest status=SUCCESS method=LoginTest.validLoginTest(java.lang.String,java.lang.String,boolean)[pri:0, instance:com.selenium.practicesession.LoginTest@5906ebcb] output={null}]]]>
              </value>
            </param>
          </params>
          <reporter-output>
          </reporter-output>
        </test-method> <!-- tearDown -->
        <test-method is-config="true" signature="flushReport()[pri:0, instance:com.selenium.practicesession.LoginTest@5906ebcb]" started-at="2026-02-22T00:06:49 EST" name="flushReport" finished-at="2026-02-22T00:06:49 EST" duration-ms="178" status="PASS">
          <reporter-output>
          </reporter-output>
        </test-method> <!-- flushReport -->
      </class> <!-- com.selenium.practicesession.LoginTest -->
    </test> <!-- Surefire test -->
  </suite> <!-- Surefire suite -->
</testng-results>
