<?xml version="1.0" encoding="UTF-8"?>
<testng-results ignored="0" total="4" passed="4" failed="0" skipped="0">
  <reporter-output>
  </reporter-output>
  <suite started-at="2026-02-24T22:00:19 EST" name="Practice Suite" finished-at="2026-02-24T22:00:30 EST" duration-ms="10430">
    <groups>
    </groups>
    <test started-at="2026-02-24T22:00:19 EST" name="Login Tests" finished-at="2026-02-24T22:00:27 EST" duration-ms="7870">
      <class name="com.selenium.practicesession.LoginTest">
        <test-method is-config="true" signature="setup()[pri:0, instance:com.selenium.practicesession.LoginTest@12e61fe6]" started-at="2026-02-24T22:00:19 EST" name="setup" finished-at="2026-02-24T22:00:21 EST" duration-ms="2166" status="PASS">
          <reporter-output>
          </reporter-output>
        </test-method> <!-- setup -->
        <test-method is-config="true" signature="initPages()[pri:0, instance:com.selenium.practicesession.LoginTest@12e61fe6]" started-at="2026-02-24T22:00:21 EST" name="initPages" finished-at="2026-02-24T22:00:21 EST" duration-ms="1" status="PASS">
          <reporter-output>
          </reporter-output>
        </test-method> <!-- initPages -->
        <test-method signature="validLoginTest(java.lang.String,java.lang.String,boolean)[pri:0, instance:com.selenium.practicesession.LoginTest@12e61fe6]" started-at="2026-02-24T22:00:21 EST" name="validLoginTest" data-provider="loginData" finished-at="2026-02-24T22:00:22 EST" duration-ms="875" status="PASS">
          <params>
            <param index="0">
              <value>
                <![CDATA[tomsmith]]>
              </value>
            </param>
            <param index="1">
              <value>
                <![CDATA[SuperSecretPassword!]]>
              </value>
            </param>
            <param index="2">
              <value>
                <![CDATA[true]]>
              </value>
            </param>
          </params>
          <reporter-output>
          </reporter-output>
        </test-method> <!-- validLoginTest -->
        <test-method is-config="true" signature="tearDown()[pri:0, instance:com.selenium.practicesession.LoginTest@12e61fe6]" started-at="2026-02-24T22:00:22 EST" name="tearDown" finished-at="2026-02-24T22:00:22 EST" duration-ms="99" status="PASS">
          <reporter-output>
          </reporter-output>
        </test-method> <!-- tearDown -->
        <test-method is-config="true" signature="tearDown(org.testng.ITestResult)[pri:0, instance:com.selenium.practicesession.LoginTest@12e61fe6]" started-at="2026-02-24T22:00:22 EST" name="tearDown" finished-at="2026-02-24T22:00:22 EST" duration-ms="3" status="PASS">
          <params>
            <param index="0">
              <value>
                <![CDATA[[TestResult name=validLoginTest status=SUCCESS method=LoginTest.validLoginTest(java.lang.String,java.lang.String,boolean)[pri:0, instance:com.selenium.practicesession.LoginTest@12e61fe6] output={null}]]]>
              </value>
            </param>
          </params>
          <reporter-output>
          </reporter-output>
        </test-method> <!-- tearDown -->
        <test-method is-config="true" signature="setup()[pri:0, instance:com.selenium.practicesession.LoginTest@12e61fe6]" started-at="2026-02-24T22:00:22 EST" name="setup" finished-at="2026-02-24T22:00:24 EST" duration-ms="1544" status="PASS">
          <reporter-output>
          </reporter-output>
        </test-method> <!-- setup -->
        <test-method signature="validLoginTest(java.lang.String,java.lang.String,boolean)[pri:0, instance:com.selenium.practicesession.LoginTest@12e61fe6]" started-at="2026-02-24T22:00:24 EST" name="validLoginTest" data-provider="loginData" finished-at="2026-02-24T22:00:25 EST" duration-ms="741" status="PASS">
          <params>
            <param index="0">
              <value>
                <![CDATA[wronguser]]>
              </value>
            </param>
            <param index="1">
              <value>
                <![CDATA[wrongpassword]]>
              </value>
            </param>
            <param index="2">
              <value>
                <![CDATA[false]]>
              </value>
            </param>
          </params>
          <reporter-output>
          </reporter-output>
        </test-method> <!-- validLoginTest -->
        <test-method is-config="true" signature="initPages()[pri:0, instance:com.selenium.practicesession.LoginTest@12e61fe6]" started-at="2026-02-24T22:00:24 EST" name="initPages" finished-at="2026-02-24T22:00:24 EST" duration-ms="0" status="PASS">
          <reporter-output>
          </reporter-output>
        </test-method> <!-- initPages -->
        <test-method is-config="true" signature="tearDown()[pri:0, instance:com.selenium.practicesession.LoginTest@12e61fe6]" started-at="2026-02-24T22:00:25 EST" name="tearDown" finished-at="2026-02-24T22:00:25 EST" duration-ms="95" status="PASS">
          <reporter-output>
          </reporter-output>
        </test-method> <!-- tearDown -->
        <test-method is-config="true" signature="tearDown(org.testng.ITestResult)[pri:0, instance:com.selenium.practicesession.LoginTest@12e61fe6]" started-at="2026-02-24T22:00:25 EST" name="tearDown" finished-at="2026-02-24T22:00:25 EST" duration-ms="0" status="PASS">
          <params>
            <param index="0">
              <value>
                <![CDATA[[TestResult name=validLoginTest status=SUCCESS method=LoginTest.validLoginTest(java.lang.String,java.lang.String,boolean)[pri:0, instance:com.selenium.practicesession.LoginTest@12e61fe6] output={null}]]]>
              </value>
            </param>
          </params>
          <reporter-output>
          </reporter-output>
        </test-method> <!-- tearDown -->
        <test-method is-config="true" signature="setup()[pri:0, instance:com.selenium.practicesession.LoginTest@12e61fe6]" started-at="2026-02-24T22:00:25 EST" name="setup" finished-at="2026-02-24T22:00:26 EST" duration-ms="1512" status="PASS">
          <reporter-output>
          </reporter-output>
        </test-method> <!-- setup -->
        <test-method signature="validLoginTest(java.lang.String,java.lang.String,boolean)[pri:0, instance:com.selenium.practicesession.LoginTest@12e61fe6]" started-at="2026-02-24T22:00:26 EST" name="validLoginTest" data-provider="loginData" finished-at="2026-02-24T22:00:27 EST" duration-ms="722" status="PASS">
          <params>
            <param index="0">
              <value>
                <![CDATA[tomsmith]]>
              </value>
            </param>
            <param index="1">
              <value>
                <![CDATA[wrongpassword]]>
              </value>
            </param>
            <param index="2">
              <value>
                <![CDATA[false]]>
              </value>
            </param>
          </params>
          <reporter-output>
          </reporter-output>
        </test-method> <!-- validLoginTest -->
        <test-method is-config="true" signature="initPages()[pri:0, instance:com.selenium.practicesession.LoginTest@12e61fe6]" started-at="2026-02-24T22:00:26 EST" name="initPages" finished-at="2026-02-24T22:00:26 EST" duration-ms="0" status="PASS">
          <reporter-output>
          </reporter-output>
        </test-method> <!-- initPages -->
        <test-method is-config="true" signature="tearDown()[pri:0, instance:com.selenium.practicesession.LoginTest@12e61fe6]" started-at="2026-02-24T22:00:27 EST" name="tearDown" finished-at="2026-02-24T22:00:27 EST" duration-ms="94" status="PASS">
          <reporter-output>
          </reporter-output>
        </test-method> <!-- tearDown -->
        <test-method is-config="true" signature="tearDown(org.testng.ITestResult)[pri:0, instance:com.selenium.practicesession.LoginTest@12e61fe6]" started-at="2026-02-24T22:00:27 EST" name="tearDown" finished-at="2026-02-24T22:00:27 EST" duration-ms="0" status="PASS">
          <params>
            <param index="0">
              <value>
                <![CDATA[[TestResult name=validLoginTest status=SUCCESS method=LoginTest.validLoginTest(java.lang.String,java.lang.String,boolean)[pri:0, instance:com.selenium.practicesession.LoginTest@12e61fe6] output={null}]]]>
              </value>
            </param>
          </params>
          <reporter-output>
          </reporter-output>
        </test-method> <!-- tearDown -->
      </class> <!-- com.selenium.practicesession.LoginTest -->
    </test> <!-- Login Tests -->
    <test started-at="2026-02-24T22:00:27 EST" name="Secure Area Tests" finished-at="2026-02-24T22:00:30 EST" duration-ms="2546">
      <class name="com.selenium.practicesession.SecureAreaTest">
        <test-method is-config="true" signature="setupReport()[pri:0, instance:com.selenium.practicesession.SecureAreaTest@6f96c77]" started-at="2026-02-24T22:00:19 EST" name="setupReport" finished-at="2026-02-24T22:00:19 EST" duration-ms="127" status="PASS">
          <reporter-output>
          </reporter-output>
        </test-method> <!-- setupReport -->
        <test-method is-config="true" signature="setup()[pri:0, instance:com.selenium.practicesession.SecureAreaTest@6f96c77]" started-at="2026-02-24T22:00:27 EST" name="setup" finished-at="2026-02-24T22:00:29 EST" duration-ms="1536" status="PASS">
          <reporter-output>
          </reporter-output>
        </test-method> <!-- setup -->
        <test-method is-config="true" signature="initPages()[pri:0, instance:com.selenium.practicesession.SecureAreaTest@6f96c77]" started-at="2026-02-24T22:00:29 EST" name="initPages" finished-at="2026-02-24T22:00:29 EST" duration-ms="1" status="PASS">
          <reporter-output>
          </reporter-output>
        </test-method> <!-- initPages -->
        <test-method signature="secureAreaTest()[pri:0, instance:com.selenium.practicesession.SecureAreaTest@6f96c77]" started-at="2026-02-24T22:00:29 EST" name="secureAreaTest" finished-at="2026-02-24T22:00:30 EST" duration-ms="910" status="PASS">
          <reporter-output>
          </reporter-output>
        </test-method> <!-- secureAreaTest -->
        <test-method is-config="true" signature="tearDown(org.testng.ITestResult)[pri:0, instance:com.selenium.practicesession.SecureAreaTest@6f96c77]" started-at="2026-02-24T22:00:30 EST" name="tearDown" finished-at="2026-02-24T22:00:30 EST" duration-ms="99" status="PASS">
          <params>
            <param index="0">
              <value>
                <![CDATA[[TestResult name=secureAreaTest status=SUCCESS method=SecureAreaTest.secureAreaTest()[pri:0, instance:com.selenium.practicesession.SecureAreaTest@6f96c77] output={null}]]]>
              </value>
            </param>
          </params>
          <reporter-output>
          </reporter-output>
        </test-method> <!-- tearDown -->
        <test-method is-config="true" signature="flushReport()[pri:0, instance:com.selenium.practicesession.SecureAreaTest@6f96c77]" started-at="2026-02-24T22:00:30 EST" name="flushReport" finished-at="2026-02-24T22:00:30 EST" duration-ms="176" status="PASS">
          <reporter-output>
          </reporter-output>
        </test-method> <!-- flushReport -->
      </class> <!-- com.selenium.practicesession.SecureAreaTest -->
    </test> <!-- Secure Area Tests -->
  </suite> <!-- Practice Suite -->
</testng-results>
