<?xml version="1.0" encoding="UTF-8"?>
<testng-results ignored="0" total="1" passed="1" failed="0" skipped="0">
  <reporter-output>
  </reporter-output>
  <suite started-at="2026-02-17T23:25:33 EST" name="Default suite" finished-at="2026-02-17T23:25:39 EST" duration-ms="5822">
    <groups>
    </groups>
    <test started-at="2026-02-17T23:25:33 EST" name="Default test" finished-at="2026-02-17T23:25:39 EST" duration-ms="5822">
      <class name="com.selenium.practicesession.SecureAreaTest">
        <test-method is-config="true" signature="setup()[pri:0, instance:com.selenium.practicesession.SecureAreaTest@1ea9f6af]" started-at="2026-02-17T23:25:33 EST" name="setup" finished-at="2026-02-17T23:25:37 EST" duration-ms="4066" status="PASS">
          <reporter-output>
          </reporter-output>
        </test-method> <!-- setup -->
        <test-method signature="secureAreaTest()[pri:0, instance:com.selenium.practicesession.SecureAreaTest@1ea9f6af]" started-at="2026-02-17T23:25:37 EST" name="secureAreaTest" finished-at="2026-02-17T23:25:39 EST" duration-ms="1568" status="PASS">
          <reporter-output>
          </reporter-output>
        </test-method> <!-- secureAreaTest -->
        <test-method is-config="true" signature="closeAll()[pri:0, instance:com.selenium.practicesession.SecureAreaTest@1ea9f6af]" started-at="2026-02-17T23:25:39 EST" name="closeAll" finished-at="2026-02-17T23:25:39 EST" duration-ms="158" status="PASS">
          <reporter-output>
          </reporter-output>
        </test-method> <!-- closeAll -->
      </class> <!-- com.selenium.practicesession.SecureAreaTest -->
    </test> <!-- Default test -->
  </suite> <!-- Default suite -->
</testng-results>
