<?xml version="1.0" encoding="UTF-8"?>
<!-- Generated by org.testng.reporters.JUnitReportReporter -->
<testsuite hostname="Greeshmas-MacBook-Pro.local" failures="0" tests="3" name="com.selenium.practicesession.LoginTest" time="8.057" errors="0" timestamp="2026-02-19T00:29:05 EST" skipped="0">
  <testcase classname="com.selenium.practicesession.LoginTest" name="validLoginTest" time="2.360"/>
  <testcase classname="com.selenium.practicesession.LoginTest" name="validLoginTest" time="3.481"/>
  <testcase classname="com.selenium.practicesession.LoginTest" name="validLoginTest" time="2.216"/>
</testsuite> <!-- com.selenium.practicesession.LoginTest -->
